# JRE version: Java(TM) SE Runtime Environment (8.0_74-b02) (build 1.8.0_74-b02)
# Java VM: Java HotSpot(TM) 64-Bit Server VM (25.74-b02 mixed mode windows-amd64 compressed oops)
Heap:
 PSYoungGen      total 454656K, used 440266K [0x00000000d5c00000, 0x00000000f3b00000, 0x0000000100000000)
  eden space 440320K, 99% used [0x00000000d5c00000,0x00000000f09f2be8,0x00000000f0a00000)
  from space 14336K, 0% used [0x00000000f1c00000,0x00000000f1c00000,0x00000000f2a00000)
  to   space 17408K, 0% used [0x00000000f2a00000,0x00000000f2a00000,0x00000000f3b00000)
 ParOldGen       total 146432K, used 57299K [0x0000000081400000, 0x000000008a300000, 0x00000000d5c00000)
  object space 146432K, 39% used [0x0000000081400000,0x0000000084bf4e78,0x000000008a300000)
 Metaspace       used 86711K, capacity 90100K, committed 90368K, reserved 1128448K
  class space    used 10070K, capacity 10874K, committed 11008K, reserved 1048576K
GC Heap History (10 events):
Event: 2054.800 GC heap before
{Heap before GC invocations=57 (full 14):
 PSYoungGen      total 443904K, used 46104K [0x00000000d5c00000, 0x00000000f5700000, 0x0000000100000000)
  eden space 430592K, 7% used [0x00000000d5c00000,0x00000000d7c0d058,0x00000000f0080000)
  from space 13312K, 99% used [0x00000000f4a00000,0x00000000f56f9268,0x00000000f5700000)
  to   space 21504K, 0% used [0x00000000f2d00000,0x00000000f2d00000,0x00000000f4200000)
 ParOldGen       total 146432K, used 56272K [0x0000000081400000, 0x000000008a300000, 0x00000000d5c00000)
  object space 146432K, 38% used [0x0000000081400000,0x0000000084af4160,0x000000008a300000)
 Metaspace       used 81458K, capacity 85336K, committed 85632K, reserved 1124352K
  class space    used 9496K, capacity 10275K, committed 10368K, reserved 1048576K
Event: 2054.813 GC heap after
Heap after GC invocations=57 (full 14):
 PSYoungGen      total 444416K, used 13572K [0x00000000d5c00000, 0x00000000f4a80000, 0x0000000100000000)
  eden space 430592K, 0% used [0x00000000d5c00000,0x00000000d5c00000,0x00000000f0080000)
  from space 13824K, 98% used [0x00000000f2d00000,0x00000000f3a411c8,0x00000000f3a80000)
  to   space 16384K, 0% used [0x00000000f3a80000,0x00000000f3a80000,0x00000000f4a80000)
 ParOldGen       total 146432K, used 56280K [0x0000000081400000, 0x000000008a300000, 0x00000000d5c00000)
  object space 146432K, 38% used [0x0000000081400000,0x0000000084af6160,0x000000008a300000)
 Metaspace       used 81458K, capacity 85336K, committed 85632K, reserved 1124352K
  class space    used 9496K, capacity 10275K, committed 10368K, reserved 1048576K
}
Event: 2054.813 GC heap before
{Heap before GC invocations=58 (full 15):
 PSYoungGen      total 444416K, used 13572K [0x00000000d5c00000, 0x00000000f4a80000, 0x0000000100000000)
  eden space 430592K, 0% used [0x00000000d5c00000,0x00000000d5c00000,0x00000000f0080000)
  from space 13824K, 98% used [0x00000000f2d00000,0x00000000f3a411c8,0x00000000f3a80000)
  to   space 16384K, 0% used [0x00000000f3a80000,0x00000000f3a80000,0x00000000f4a80000)
 ParOldGen       total 146432K, used 56280K [0x0000000081400000, 0x000000008a300000, 0x00000000d5c00000)
  object space 146432K, 38% used [0x0000000081400000,0x0000000084af6160,0x000000008a300000)
 Metaspace       used 81458K, capacity 85336K, committed 85632K, reserved 1124352K
  class space    used 9496K, capacity 10275K, committed 10368K, reserved 1048576K
Event: 2055.157 GC heap after
Heap after GC invocations=58 (full 15):
 PSYoungGen      total 444416K, used 0K [0x00000000d5c00000, 0x00000000f4a80000, 0x0000000100000000)
  eden space 430592K, 0% used [0x00000000d5c00000,0x00000000d5c00000,0x00000000f0080000)
  from space 13824K, 0% used [0x00000000f2d00000,0x00000000f2d00000,0x00000000f3a80000)
  to   space 16384K, 0% used [0x00000000f3a80000,0x00000000f3a80000,0x00000000f4a80000)
 ParOldGen       total 146432K, used 48430K [0x0000000081400000, 0x000000008a300000, 0x00000000d5c00000)
  object space 146432K, 33% used [0x0000000081400000,0x000000008434bbf8,0x000000008a300000)
 Metaspace       used 81216K, capacity 84916K, committed 85632K, reserved 1124352K
  class space    used 9454K, capacity 10189K, committed 10368K, reserved 1048576K
}
Event: 2059.851 GC heap before
{Heap before GC invocations=59 (full 15):
 PSYoungGen      total 444416K, used 430592K [0x00000000d5c00000, 0x00000000f4a80000, 0x0000000100000000)
  eden space 430592K, 100% used [0x00000000d5c00000,0x00000000f0080000,0x00000000f0080000)
  from space 13824K, 0% used [0x00000000f2d00000,0x00000000f2d00000,0x00000000f3a80000)
  to   space 16384K, 0% used [0x00000000f3a80000,0x00000000f3a80000,0x00000000f4a80000)
 ParOldGen       total 146432K, used 48430K [0x0000000081400000, 0x000000008a300000, 0x00000000d5c00000)
  object space 146432K, 33% used [0x0000000081400000,0x000000008434bbf8,0x000000008a300000)
 Metaspace       used 82121K, capacity 85876K, committed 86400K, reserved 1126400K
  class space    used 9528K, capacity 10269K, committed 10368K, reserved 1048576K
Event: 2059.864 GC heap after
Heap after GC invocations=59 (full 15):
 PSYoungGen      total 452096K, used 11771K [0x00000000d5c00000, 0x00000000f4600000, 0x0000000100000000)
  eden space 440320K, 0% used [0x00000000d5c00000,0x00000000d5c00000,0x00000000f0a00000)
  from space 11776K, 99% used [0x00000000f3a80000,0x00000000f45fec88,0x00000000f4600000)
  to   space 21504K, 0% used [0x00000000f1c00000,0x00000000f1c00000,0x00000000f3100000)
 ParOldGen       total 146432K, used 48438K [0x0000000081400000, 0x000000008a300000, 0x00000000d5c00000)
  object space 146432K, 33% used [0x0000000081400000,0x000000008434dbf8,0x000000008a300000)
 Metaspace       used 82121K, capacity 85876K, committed 86400K, reserved 1126400K
  class space    used 9528K, capacity 10269K, committed 10368K, reserved 1048576K
}
Event: 2138.704 GC heap before
{Heap before GC invocations=60 (full 15):
 PSYoungGen      total 452096K, used 392196K [0x00000000d5c00000, 0x00000000f4600000, 0x0000000100000000)
  eden space 440320K, 86% used [0x00000000d5c00000,0x00000000ecf82538,0x00000000f0a00000)
  from space 11776K, 99% used [0x00000000f3a80000,0x00000000f45fec88,0x00000000f4600000)
  to   space 21504K, 0% used [0x00000000f1c00000,0x00000000f1c00000,0x00000000f3100000)
 ParOldGen       total 146432K, used 48438K [0x0000000081400000, 0x000000008a300000, 0x00000000d5c00000)
  object space 146432K, 33% used [0x0000000081400000,0x000000008434dbf8,0x000000008a300000)
 Metaspace       used 85928K, capacity 89896K, committed 90240K, reserved 1128448K
  class space    used 9985K, capacity 10801K, committed 10880K, reserved 1048576K
Event: 2138.720 GC heap after
Heap after GC invocations=60 (full 15):
 PSYoungGen      total 454656K, used 13931K [0x00000000d5c00000, 0x00000000f3b00000, 0x0000000100000000)
  eden space 440320K, 0% used [0x00000000d5c00000,0x00000000d5c00000,0x00000000f0a00000)
  from space 14336K, 97% used [0x00000000f1c00000,0x00000000f299ac00,0x00000000f2a00000)
  to   space 17408K, 0% used [0x00000000f2a00000,0x00000000f2a00000,0x00000000f3b00000)
 ParOldGen       total 146432K, used 48446K [0x0000000081400000, 0x000000008a300000, 0x00000000d5c00000)
  object space 146432K, 33% used [0x0000000081400000,0x000000008434fbf8,0x000000008a300000)
 Metaspace       used 85928K, capacity 89896K, committed 90240K, reserved 1128448K
  class space    used 9985K, capacity 10801K, committed 10880K, reserved 1048576K
}
Event: 2138.720 GC heap before
{Heap before GC invocations=61 (full 16):
 PSYoungGen      total 454656K, used 13931K [0x00000000d5c00000, 0x00000000f3b00000, 0x0000000100000000)
  eden space 440320K, 0% used [0x00000000d5c00000,0x00000000d5c00000,0x00000000f0a00000)
  from space 14336K, 97% used [0x00000000f1c00000,0x00000000f299ac00,0x00000000f2a00000)
  to   space 17408K, 0% used [0x00000000f2a00000,0x00000000f2a00000,0x00000000f3b00000)
 ParOldGen       total 146432K, used 48446K [0x0000000081400000, 0x000000008a300000, 0x00000000d5c00000)
  object space 146432K, 33% used [0x0000000081400000,0x000000008434fbf8,0x000000008a300000)
 Metaspace       used 85928K, capacity 89896K, committed 90240K, reserved 1128448K
  class space    used 9985K, capacity 10801K, committed 10880K, reserved 1048576K
Event: 2139.205 GC heap after
Heap after GC invocations=61 (full 16):
 PSYoungGen      total 454656K, used 0K [0x00000000d5c00000, 0x00000000f3b00000, 0x0000000100000000)
  eden space 440320K, 0% used [0x00000000d5c00000,0x00000000d5c00000,0x00000000f0a00000)
  from space 14336K, 0% used [0x00000000f1c00000,0x00000000f1c00000,0x00000000f2a00000)
  to   space 17408K, 0% used [0x00000000f2a00000,0x00000000f2a00000,0x00000000f3b00000)
 ParOldGen       total 146432K, used 57299K [0x0000000081400000, 0x000000008a300000, 0x00000000d5c00000)
  object space 146432K, 39% used [0x0000000081400000,0x0000000084bf4e78,0x000000008a300000)
 Metaspace       used 85907K, capacity 89860K, committed 90240K, reserved 1128448K
  class space    used 9982K, capacity 10794K, committed 10880K, reserved 1048576K
}

